<?xml version="1.0" encoding="UTF-8"?>
<!-- Generated by org.testng.reporters.JUnitXMLReporter -->
<testsuite ignored="0" hostname="DESKTOP-30SA7RP" failures="0" tests="1" name="Test" time="3.437" errors="0" timestamp="2023-06-05T22:48:45 IST">
  <testcase classname="com.blazedemo.generic.BaseClass" name="@BeforeTest openBroswer" time="3.332">
    <failure type="java.io.FileNotFoundException" message=".\src\test\resources\data\atm.property (The system cannot find the file specified)">
      <![CDATA[java.io.FileNotFoundException: .\src\test\resources\data\atm.property (The system cannot find the file specified)
at java.base/java.io.FileInputStream.open0(Native Method)
at java.base/java.io.FileInputStream.open(FileInputStream.java:219)
at java.base/java.io.FileInputStream.<init>(FileInputStream.java:158)
at java.base/java.io.FileInputStream.<init>(FileInputStream.java:112)
at com.blazedemo.generic.FilLib.getProperty1(FilLib.java:11)
at com.blazedemo.generic.BaseClass.openBroswer(BaseClass.java:25)
... Removed 22 stack frames]]>
    </failure>
  </testcase> <!-- @BeforeTest openBroswer -->
  <testcase classname="com.blazedemo.generic.BaseClass" name="@AfterTest closeBroswer" time="-1.685985525249E9">
    <skipped/>
  </testcase> <!-- @AfterTest closeBroswer -->
  <testcase classname="com.blazedemo.testscripts.testClass" name="testAtom" time="0.0">
    <skipped/>
  </testcase> <!-- testAtom -->
</testsuite> <!-- Test -->
